2024-09-05 17:20:56 INFO: Демон запущен
2024-09-05 17:20:56 INFO: Вход в основной цикл
2024-09-05 17:20:56 INFO: Цикл демона выполняется
2024-09-05 17:20:56 INFO: Наблюдение за путями: set()
2024-09-05 17:21:01 INFO: Цикл демона выполняется
2024-09-05 17:21:01 INFO: Наблюдение за путями: set()
2024-09-05 17:21:04 INFO: Получен сигнал завершения, останавливаем демон.
2024-09-05 17:22:31 INFO: Демон запущен
2024-09-05 17:22:31 INFO: Вход в основной цикл
2024-09-05 17:22:31 INFO: Цикл демона выполняется
2024-09-05 17:22:31 INFO: Наблюдение за путями: set()
2024-09-05 17:22:35 INFO: Получен сигнал завершения, останавливаем демон.
2024-09-05 17:23:42 INFO: Демон запущен
2024-09-05 17:23:42 INFO: Вход в основной цикл
2024-09-05 17:23:42 INFO: Цикл демона выполняется
2024-09-05 17:23:42 INFO: Наблюдение за путями: set()
2024-09-05 17:23:47 INFO: Цикл демона выполняется
2024-09-05 17:23:47 INFO: Наблюдение за путями: set()
2024-09-05 17:23:52 INFO: Цикл демона выполняется
2024-09-05 17:23:52 INFO: Наблюдение за путями: set()
2024-09-05 17:23:56 INFO: Получен сигнал завершения, останавливаем демон.
